<?xml version="1.0" encoding="UTF-8"?>
<!-- Generated by org.testng.reporters.JUnitReportReporter -->
<testsuite hostname="QQSPLOXLTP0070" failures="0" tests="1" name="com.luma.OrderPlacing_searchBox" time="51.021" errors="0" timestamp="2024-06-16T15:03:00 IST" skipped="0">
  <testcase classname="com.luma.OrderPlacing_searchBox" name="TestMethod" time="51.021"/>
  <system-out/>
</testsuite> <!-- com.luma.OrderPlacing_searchBox -->
