<?xml version="1.0" encoding="UTF-8"?>
<!-- Generated by org.testng.reporters.JUnitReportReporter -->
<testsuite hostname="QQSPLOXLTP0070" failures="0" tests="1" name="com.luma.AddProducts_WishlistPDP$CreateAccount_AfterOrderPlacing" time="14.220" errors="0" timestamp="2024-06-18T10:27:55 IST" skipped="0">
  <testcase classname="com.luma.AddProducts_WishlistPDP$CreateAccount_AfterOrderPlacing" name="TestMethod" time="14.220"/>
  <system-out/>
</testsuite> <!-- com.luma.AddProducts_WishlistPDP$CreateAccount_AfterOrderPlacing -->
