<?xml version="1.0" encoding="UTF-8"?>
<!-- Generated by org.testng.reporters.JUnitReportReporter -->
<testsuite hostname="QQSPLOXLTP0070" failures="0" tests="1" name="com.luma.ShareWishlist_email" time="18.023" errors="0" timestamp="2024-06-18T11:12:58 IST" skipped="0">
  <testcase classname="com.luma.ShareWishlist_email" name="TestMethod" time="18.023"/>
  <system-out/>
</testsuite> <!-- com.luma.ShareWishlist_email -->
