<?xml version="1.0" encoding="UTF-8"?>
<!-- Generated by org.testng.reporters.JUnitReportReporter -->
<testsuite hostname="QQSPLOXLTP0070" failures="0" tests="1" name="com.luma.Createaccountpageverify" time="5.295" errors="0" timestamp="2024-06-16T17:57:32 IST" skipped="0">
  <testcase classname="com.luma.Createaccountpageverify" name="TestMethod" time="5.295"/>
  <system-out/>
</testsuite> <!-- com.luma.Createaccountpageverify -->
