<?xml version="1.0" encoding="UTF-8"?>
<!-- Generated by org.testng.reporters.JUnitReportReporter -->
<testsuite hostname="QQSPLOXLTP0070" failures="0" tests="1" name="com.luma.CreateAccount_AfterOrderPlacing" time="60.457" errors="0" timestamp="2024-06-17T14:23:39 IST" skipped="0">
  <testcase classname="com.luma.CreateAccount_AfterOrderPlacing" name="TestMethod" time="60.457"/>
  <system-out/>
</testsuite> <!-- com.luma.CreateAccount_AfterOrderPlacing -->
