<?xml version="1.0" encoding="UTF-8"?>
<!-- Generated by org.testng.reporters.JUnitReportReporter -->
<testsuite hostname="QQSPLOXLTP0070" failures="0" tests="1" name="com.luma.Signinerror" time="5.836" errors="0" timestamp="2024-06-08T14:08:16 IST" skipped="0">
  <testcase classname="com.luma.Signinerror" name="TestMethod" time="5.836"/>
  <system-out/>
</testsuite> <!-- com.luma.Signinerror -->
