<?xml version="1.0" encoding="UTF-8"?>
<!-- Generated by org.testng.reporters.JUnitReportReporter -->
<testsuite hostname="QQSPLOXLTP0070" failures="0" tests="1" name="com.luma.ChangeEmail_MyAccountSection" time="28.540" errors="0" timestamp="2024-06-16T17:35:48 IST" skipped="0">
  <testcase classname="com.luma.ChangeEmail_MyAccountSection" name="TestMethod" time="28.540"/>
  <system-out/>
</testsuite> <!-- com.luma.ChangeEmail_MyAccountSection -->
