<?xml version="1.0" encoding="UTF-8"?>
<!-- Generated by org.testng.reporters.JUnitReportReporter -->
<testsuite hostname="QQSPLOXLTP0070" failures="0" tests="1" name="com.luma.Emptyfieldssigninerror" time="4.881" errors="0" timestamp="2024-06-16T17:59:14 IST" skipped="0">
  <testcase classname="com.luma.Emptyfieldssigninerror" name="TestMethod" time="4.881"/>
  <system-out/>
</testsuite> <!-- com.luma.Emptyfieldssigninerror -->
