<?xml version="1.0" encoding="UTF-8"?>
<!-- Generated by org.testng.reporters.JUnitReportReporter -->
<testsuite hostname="QQSPLOXLTP0070" failures="0" tests="1" name="com.luma.MyProductsReview_pageMessage" time="12.801" errors="0" timestamp="2024-06-18T12:41:14 IST" skipped="0">
  <testcase classname="com.luma.MyProductsReview_pageMessage" name="TestMethod" time="12.801"/>
  <system-out/>
</testsuite> <!-- com.luma.MyProductsReview_pageMessage -->
