<?xml version="1.0" encoding="UTF-8"?>
<!-- Generated by org.testng.reporters.JUnitReportReporter -->
<testsuite hostname="QQSPLOXLTP0070" failures="0" tests="1" name="com.luma.AddToCart_Wishlist" time="21.032" errors="0" timestamp="2024-06-18T10:37:06 IST" skipped="0">
  <testcase classname="com.luma.AddToCart_Wishlist" name="TestMethod" time="21.032"/>
  <system-out/>
</testsuite> <!-- com.luma.AddToCart_Wishlist -->
