<?xml version="1.0" encoding="UTF-8"?>
<!-- Generated by org.testng.reporters.JUnitReportReporter -->
<testsuite hostname="QQSPLOXLTP0070" failures="0" tests="1" name="com.luma.Signin" time="6.175" errors="0" timestamp="2024-06-07T18:30:55 IST" skipped="0">
  <testcase classname="com.luma.Signin" name="TestMethod" time="6.175"/>
  <system-out/>
</testsuite> <!-- com.luma.Signin -->
