<?xml version="1.0" encoding="UTF-8"?>
<!-- Generated by org.testng.reporters.JUnitReportReporter -->
<testsuite hostname="QQSPLOXLTP0070" failures="0" tests="1" name="com.luma.ChangePassword_MyAccountSection" time="35.527" errors="0" timestamp="2024-06-16T17:56:21 IST" skipped="0">
  <testcase classname="com.luma.ChangePassword_MyAccountSection" name="TestMethod" time="35.527"/>
  <system-out/>
</testsuite> <!-- com.luma.ChangePassword_MyAccountSection -->
