<?xml version="1.0" encoding="UTF-8"?>
<!-- Generated by org.testng.reporters.JUnitReportReporter -->
<testsuite hostname="QQSPLOXLTP0070" failures="0" tests="1" name="com.luma.StoredPaymentMethods_pageMessage" time="13.696" errors="0" timestamp="2024-06-18T12:36:44 IST" skipped="0">
  <testcase classname="com.luma.StoredPaymentMethods_pageMessage" name="TestMethod" time="13.696"/>
  <system-out/>
</testsuite> <!-- com.luma.StoredPaymentMethods_pageMessage -->
