<?xml version="1.0" encoding="UTF-8"?>
<!-- Generated by org.testng.reporters.JUnitReportReporter -->
<testsuite hostname="QQSPLOXLTP0070" failures="0" tests="1" name="com.luma.Emptyfieldssignin" time="5.451" errors="0" timestamp="2024-06-08T16:47:27 IST" skipped="0">
  <testcase classname="com.luma.Emptyfieldssignin" name="TestMethod" time="5.451"/>
  <system-out/>
</testsuite> <!-- com.luma.Emptyfieldssignin -->
