<?xml version="1.0" encoding="UTF-8"?>
<!-- Generated by org.testng.reporters.JUnitReportReporter -->
<testsuite hostname="QQSPLOXLTP0070" failures="0" tests="1" name="com.luma.signup" time="7.083" errors="0" timestamp="2024-06-08T14:10:11 IST" skipped="0">
  <testcase classname="com.luma.signup" name="testMethod" time="7.083"/>
  <system-out/>
</testsuite> <!-- com.luma.signup -->
