<?xml version="1.0" encoding="UTF-8"?>
<!-- Generated by org.testng.reporters.JUnitReportReporter -->
<testsuite hostname="QQSPLOXLTP0070" failures="0" tests="1" name="com.luma.AddToCart_WishlistErrorMessage" time="15.352" errors="0" timestamp="2024-06-18T10:56:28 IST" skipped="0">
  <testcase classname="com.luma.AddToCart_WishlistErrorMessage" name="TestMethod" time="15.352"/>
  <system-out/>
</testsuite> <!-- com.luma.AddToCart_WishlistErrorMessage -->
